Watching for file changes with StatReloader
[02/Jul/2026 15:39:17] "GET /static/admin/css/errandeye_admin.css HTTP/1.1" 200 3584
[02/Jul/2026 15:39:17] "GET /static/admin/img/logo-mark.png HTTP/1.1" 200 88438
[02/Jul/2026 15:39:17] "GET /admin/login/ HTTP/1.1" 200 3662
[02/Jul/2026 15:39:43] "GET /admin/login/ HTTP/1.1" 200 3662
[02/Jul/2026 15:39:43] "GET /static/admin/css/base.css HTTP/1.1" 200 21310
[02/Jul/2026 15:39:43] "GET /static/admin/css/errandeye_admin.css HTTP/1.1" 200 3584
[02/Jul/2026 15:39:43] "GET /static/admin/css/dark_mode.css HTTP/1.1" 200 2929
[02/Jul/2026 15:39:43] "GET /static/admin/js/theme.js HTTP/1.1" 200 1943
[02/Jul/2026 15:39:43] "GET /static/admin/js/nav_sidebar.js HTTP/1.1" 200 3063
[02/Jul/2026 15:39:43] "GET /static/admin/css/nav_sidebar.css HTTP/1.1" 200 2694
[02/Jul/2026 15:39:43] "GET /static/admin/css/login.css HTTP/1.1" 200 958
[02/Jul/2026 15:39:43] "GET /static/admin/css/responsive.css HTTP/1.1" 200 18559
[02/Jul/2026 15:39:49] "POST /admin/login/ HTTP/1.1" 302 0
[02/Jul/2026 15:39:50] "GET /admin/ HTTP/1.1" 200 9014
[02/Jul/2026 15:39:50] "GET /static/admin/css/dashboard.css HTTP/1.1" 200 441
[02/Jul/2026 15:39:50] "GET /static/admin/img/icon-changelink.svg HTTP/1.1" 200 380
[02/Jul/2026 15:39:50] "GET /static/admin/img/icon-addlink.svg HTTP/1.1" 200 331
[02/Jul/2026 15:39:50] "GET /admin/dashboard/lead/ HTTP/1.1" 200 10833
[02/Jul/2026 15:39:50] "GET /static/admin/css/changelists.css HTTP/1.1" 200 6566
[02/Jul/2026 15:39:50] "GET /static/admin/js/core.js HTTP/1.1" 200 5682
[02/Jul/2026 15:39:50] "GET /static/admin/css/forms.css HTTP/1.1" 200 9090
[02/Jul/2026 15:39:50] "GET /static/admin/js/jquery.init.js HTTP/1.1" 200 347
[02/Jul/2026 15:39:50] "GET /static/admin/js/admin/RelatedObjectLookups.js HTTP/1.1" 200 8943
[02/Jul/2026 15:39:50] "GET /static/admin/js/urlify.js HTTP/1.1" 200 7887
[02/Jul/2026 15:39:50] "GET /static/admin/js/actions.js HTTP/1.1" 200 7872
[02/Jul/2026 15:39:50] "GET /static/admin/css/widgets.css HTTP/1.1" 200 11921
[02/Jul/2026 15:39:50] "GET /static/admin/js/prepopulate.js HTTP/1.1" 200 1531
[02/Jul/2026 15:39:50] "GET /static/admin/img/search.svg HTTP/1.1" 200 458
[02/Jul/2026 15:39:50] "GET /static/admin/js/vendor/jquery/jquery.js HTTP/1.1" 200 292458
[02/Jul/2026 15:39:50] "GET /static/admin/js/vendor/xregexp/xregexp.js HTTP/1.1" 200 232381
[02/Jul/2026 15:39:51] "GET /admin/jsi18n/ HTTP/1.1" 200 3343
[02/Jul/2026 15:39:51] "GET /static/admin/js/filters.js HTTP/1.1" 200 978
[02/Jul/2026 15:39:51] "GET /static/admin/img/tooltag-add.svg HTTP/1.1" 200 331
[02/Jul/2026 15:40:59] "GET /api/site-content/ HTTP/1.1" 200 97
[02/Jul/2026 15:40:59] "GET /api/site-content/ HTTP/1.1" 200 97
[02/Jul/2026 15:41:10] "GET /api/site-content/ HTTP/1.1" 200 97
[02/Jul/2026 15:41:11] "GET /api/site-content/ HTTP/1.1" 200 97
[02/Jul/2026 15:41:23] "GET /admin/login/ HTTP/1.1" 200 3662
[02/Jul/2026 15:41:23] "GET /static/admin/css/base.css HTTP/1.1" 200 21310
[02/Jul/2026 15:41:23] "GET /static/admin/css/errandeye_admin.css HTTP/1.1" 200 3616
[02/Jul/2026 15:41:23] "GET /static/admin/css/dark_mode.css HTTP/1.1" 200 2929
[02/Jul/2026 15:41:23] "GET /static/admin/css/nav_sidebar.css HTTP/1.1" 200 2694
[02/Jul/2026 15:41:23] "GET /static/admin/js/theme.js HTTP/1.1" 200 1943
[02/Jul/2026 15:41:23] "GET /static/admin/js/nav_sidebar.js HTTP/1.1" 200 3063
[02/Jul/2026 15:41:23] "GET /static/admin/css/login.css HTTP/1.1" 200 958
[02/Jul/2026 15:41:23] "GET /static/admin/css/responsive.css HTTP/1.1" 200 18559
[02/Jul/2026 15:41:24] "GET /static/admin/img/logo-mark.png HTTP/1.1" 200 88438
[02/Jul/2026 15:41:25] "GET /admin/login/ HTTP/1.1" 200 3662
[02/Jul/2026 15:42:51] "GET /admin/login/ HTTP/1.1" 200 3662
[02/Jul/2026 15:42:51] "GET /static/admin/css/base.css HTTP/1.1" 200 21310
[02/Jul/2026 15:42:51] "GET /static/admin/css/errandeye_admin.css HTTP/1.1" 200 3616
[02/Jul/2026 15:42:51] "GET /static/admin/js/theme.js HTTP/1.1" 200 1943
[02/Jul/2026 15:42:51] "GET /static/admin/css/dark_mode.css HTTP/1.1" 200 2929
[02/Jul/2026 15:42:51] "GET /static/admin/css/login.css HTTP/1.1" 200 958
[02/Jul/2026 15:42:51] "GET /static/admin/css/nav_sidebar.css HTTP/1.1" 200 2694
[02/Jul/2026 15:42:51] "GET /static/admin/js/nav_sidebar.js HTTP/1.1" 200 3063
[02/Jul/2026 15:42:51] "GET /static/admin/css/responsive.css HTTP/1.1" 200 18559
[02/Jul/2026 15:42:51] "GET /static/admin/img/logo-mark.png HTTP/1.1" 200 88438
[02/Jul/2026 15:42:54] "POST /admin/login/ HTTP/1.1" 302 0
[02/Jul/2026 15:42:54] "GET /admin/ HTTP/1.1" 200 9014
[02/Jul/2026 15:42:54] "GET /static/admin/css/dashboard.css HTTP/1.1" 200 441
[02/Jul/2026 15:42:54] "GET /static/admin/img/icon-addlink.svg HTTP/1.1" 200 331
[02/Jul/2026 15:42:54] "GET /static/admin/img/icon-changelink.svg HTTP/1.1" 200 380
[02/Jul/2026 15:42:55] "GET /admin/dashboard/lead/ HTTP/1.1" 200 14368
[02/Jul/2026 15:42:55] "GET /static/admin/css/changelists.css HTTP/1.1" 200 6566
[02/Jul/2026 15:42:55] "GET /static/admin/js/core.js HTTP/1.1" 200 5682
[02/Jul/2026 15:42:55] "GET /static/admin/js/jquery.init.js HTTP/1.1" 200 347
[02/Jul/2026 15:42:55] "GET /static/admin/css/forms.css HTTP/1.1" 200 9090
[02/Jul/2026 15:42:55] "GET /static/admin/js/admin/RelatedObjectLookups.js HTTP/1.1" 200 8943
[02/Jul/2026 15:42:55] "GET /static/admin/js/urlify.js HTTP/1.1" 200 7887
[02/Jul/2026 15:42:55] "GET /static/admin/js/actions.js HTTP/1.1" 200 7872
[02/Jul/2026 15:42:55] "GET /static/admin/js/prepopulate.js HTTP/1.1" 200 1531
[02/Jul/2026 15:42:55] "GET /static/admin/css/widgets.css HTTP/1.1" 200 11921
[02/Jul/2026 15:42:55] "GET /static/admin/img/search.svg HTTP/1.1" 200 458
[02/Jul/2026 15:42:55] "GET /static/admin/js/vendor/jquery/jquery.js HTTP/1.1" 200 292458
[02/Jul/2026 15:42:55] "GET /static/admin/js/vendor/xregexp/xregexp.js HTTP/1.1" 200 232381
[02/Jul/2026 15:42:55] "GET /admin/jsi18n/ HTTP/1.1" 200 3343
[02/Jul/2026 15:42:55] "GET /static/admin/js/filters.js HTTP/1.1" 200 978
[02/Jul/2026 15:42:55] "GET /static/admin/img/tooltag-add.svg HTTP/1.1" 200 331
[02/Jul/2026 15:42:55] "GET /static/admin/img/sorting-icons.svg HTTP/1.1" 200 1097
[02/Jul/2026 15:42:56] "GET /admin/dashboard/lead/2/change/ HTTP/1.1" 200 14449
[02/Jul/2026 15:42:56] "GET /static/admin/js/change_form.js HTTP/1.1" 200 606
[02/Jul/2026 15:42:56] "GET /static/admin/js/prepopulate_init.js HTTP/1.1" 200 586
[02/Jul/2026 15:42:56] "GET /admin/jsi18n/ HTTP/1.1" 200 3343
[02/Jul/2026 15:44:58] "GET /admin/ HTTP/1.1" 302 0
[02/Jul/2026 15:44:58] "GET /admin/login/?next=/admin/ HTTP/1.1" 200 3675
[02/Jul/2026 15:44:58] "GET /static/admin/css/nav_sidebar.css HTTP/1.1" 304 0
[02/Jul/2026 15:44:58] "GET /static/admin/css/dark_mode.css HTTP/1.1" 304 0
[02/Jul/2026 15:44:58] "GET /static/admin/css/base.css HTTP/1.1" 304 0
[02/Jul/2026 15:44:58] "GET /static/admin/css/errandeye_admin.css HTTP/1.1" 200 3616
[02/Jul/2026 15:44:58] "GET /static/admin/css/responsive.css HTTP/1.1" 304 0
[02/Jul/2026 15:44:58] "GET /static/admin/css/login.css HTTP/1.1" 304 0
[02/Jul/2026 15:44:58] "GET /static/admin/js/theme.js HTTP/1.1" 304 0
[02/Jul/2026 15:44:58] "GET /static/admin/js/nav_sidebar.js HTTP/1.1" 304 0
[02/Jul/2026 15:44:59] "GET /static/admin/img/logo-mark.png HTTP/1.1" 200 88438
[02/Jul/2026 15:45:16] "POST /admin/login/?next=/admin/ HTTP/1.1" 302 0
[02/Jul/2026 15:45:16] "GET /admin/ HTTP/1.1" 200 9014
[02/Jul/2026 15:45:16] "GET /static/admin/css/dashboard.css HTTP/1.1" 200 441
[02/Jul/2026 15:45:16] "GET /static/admin/img/icon-changelink.svg HTTP/1.1" 200 380
[02/Jul/2026 15:45:16] "GET /static/admin/img/icon-addlink.svg HTTP/1.1" 200 331
[02/Jul/2026 15:45:26] "GET /admin/ HTTP/1.1" 302 0
[02/Jul/2026 15:45:26] "GET /admin/login/?next=/admin/ HTTP/1.1" 200 3675
[02/Jul/2026 15:45:27] "GET /static/admin/css/base.css HTTP/1.1" 200 21310
[02/Jul/2026 15:45:27] "GET /static/admin/css/dark_mode.css HTTP/1.1" 200 2929
[02/Jul/2026 15:45:29] "GET /static/admin/css/nav_sidebar.css HTTP/1.1" 200 2694
[02/Jul/2026 15:45:29] "GET /static/admin/css/errandeye_admin.css HTTP/1.1" 200 3616
[02/Jul/2026 15:45:29] "GET /static/admin/css/login.css HTTP/1.1" 200 958
[02/Jul/2026 15:45:29] "GET /static/admin/css/responsive.css HTTP/1.1" 200 18559
[02/Jul/2026 15:45:30] "GET /static/admin/js/nav_sidebar.js HTTP/1.1" 200 3063
[02/Jul/2026 15:45:31] "GET /static/admin/js/theme.js HTTP/1.1" 200 1943
[02/Jul/2026 15:45:32] "GET /static/admin/img/logo-mark.png HTTP/1.1" 200 88438
[02/Jul/2026 15:45:46] "POST /admin/login/?next=/admin/ HTTP/1.1" 302 0
[02/Jul/2026 15:45:46] "GET /admin/ HTTP/1.1" 200 9014
[02/Jul/2026 15:45:46] "GET /static/admin/css/dashboard.css HTTP/1.1" 200 441
[02/Jul/2026 15:45:47] "GET /static/admin/img/icon-addlink.svg HTTP/1.1" 200 331
[02/Jul/2026 15:45:47] "GET /static/admin/img/icon-changelink.svg HTTP/1.1" 200 380
[02/Jul/2026 15:46:05] "GET /admin/dashboard/award/ HTTP/1.1" 200 10609
[02/Jul/2026 15:46:05] "GET /static/admin/css/changelists.css HTTP/1.1" 200 6566
[02/Jul/2026 15:46:05] "GET /static/admin/css/forms.css HTTP/1.1" 200 9090
[02/Jul/2026 15:46:05] "GET /static/admin/js/core.js HTTP/1.1" 200 5682
[02/Jul/2026 15:46:05] "GET /static/admin/js/jquery.init.js HTTP/1.1" 200 347
[02/Jul/2026 15:46:05] "GET /static/admin/css/errandeye_admin.css HTTP/1.1" 304 0
[02/Jul/2026 15:46:05] "GET /static/admin/js/admin/RelatedObjectLookups.js HTTP/1.1" 200 8943
[02/Jul/2026 15:46:05] "GET /static/admin/js/urlify.js HTTP/1.1" 200 7887
[02/Jul/2026 15:46:05] "GET /static/admin/js/actions.js HTTP/1.1" 200 7872
[02/Jul/2026 15:46:05] "GET /static/admin/js/vendor/jquery/jquery.js HTTP/1.1" 200 292458
[02/Jul/2026 15:46:05] "GET /static/admin/js/prepopulate.js HTTP/1.1" 200 1531
[02/Jul/2026 15:46:05] "GET /static/admin/img/search.svg HTTP/1.1" 200 458
[02/Jul/2026 15:46:05] "GET /static/admin/js/vendor/xregexp/xregexp.js HTTP/1.1" 200 232381
[02/Jul/2026 15:46:05] "GET /admin/jsi18n/ HTTP/1.1" 200 3343
[02/Jul/2026 15:46:05] "GET /static/admin/css/widgets.css HTTP/1.1" 200 11921
[02/Jul/2026 15:46:05] "GET /static/admin/js/filters.js HTTP/1.1" 200 978
[02/Jul/2026 15:46:05] "GET /static/admin/img/tooltag-add.svg HTTP/1.1" 200 331
[02/Jul/2026 15:46:11] "GET /admin/dashboard/galleryimage/ HTTP/1.1" 200 10655
[02/Jul/2026 15:46:11] "GET /admin/jsi18n/ HTTP/1.1" 200 3343
[02/Jul/2026 15:46:17] "GET /admin/dashboard/contactinfo/ HTTP/1.1" 200 9424
[02/Jul/2026 15:46:21] "GET /admin/dashboard/galleryimage/ HTTP/1.1" 200 10655
[02/Jul/2026 15:46:26] "GET /admin/dashboard/award/ HTTP/1.1" 200 10609
[02/Jul/2026 15:46:32] "GET /admin/dashboard/galleryimage/ HTTP/1.1" 200 10655
[02/Jul/2026 15:46:32] "GET /admin/jsi18n/ HTTP/1.1" 200 3343
[02/Jul/2026 15:46:35] "GET /admin/dashboard/galleryimage/add/ HTTP/1.1" 200 12238
[02/Jul/2026 15:46:35] "GET /static/admin/js/change_form.js HTTP/1.1" 200 606
[02/Jul/2026 15:46:35] "GET /static/admin/js/prepopulate_init.js HTTP/1.1" 200 586
[02/Jul/2026 15:46:35] "GET /admin/jsi18n/ HTTP/1.1" 200 3343
[02/Jul/2026 15:46:52] "GET /admin/dashboard/contactinfo/add/ HTTP/1.1" 200 14424
[02/Jul/2026 15:46:52] "GET /static/admin/css/errandeye_admin.css HTTP/1.1" 304 0
[02/Jul/2026 15:46:52] "GET /admin/jsi18n/ HTTP/1.1" 200 3343
[02/Jul/2026 15:47:08] "GET /admin/ HTTP/1.1" 200 9014
[02/Jul/2026 15:47:09] "GET /static/admin/img/logo-mark.png HTTP/1.1" 304 0
[02/Jul/2026 15:47:14] "GET /admin/dashboard/contactinfo/add/ HTTP/1.1" 200 14424
[02/Jul/2026 15:47:17] "GET /admin/dashboard/galleryimage/add/ HTTP/1.1" 200 12238
[02/Jul/2026 15:48:27] "GET /admin/login/ HTTP/1.1" 200 3662
